{"/repos/battleship/src/gameBoard.js": {"path":"/repos/battleship/src/gameBoard.js","all":false,"statementMap":{"0":{"start":{"line":1,"column":0},"end":{"line":1,"column":22}},"1":{"start":{"line":2,"column":0},"end":{"line":2,"column":0}},"2":{"start":{"line":3,"column":0},"end":{"line":3,"column":17}},"3":{"start":{"line":4,"column":0},"end":{"line":4,"column":17}},"4":{"start":{"line":5,"column":0},"end":{"line":5,"column":42}},"5":{"start":{"line":6,"column":0},"end":{"line":6,"column":37}},"6":{"start":{"line":7,"column":0},"end":{"line":7,"column":44}},"7":{"start":{"line":8,"column":0},"end":{"line":8,"column":3}},"8":{"start":{"line":9,"column":0},"end":{"line":9,"column":0}},"9":{"start":{"line":10,"column":0},"end":{"line":10,"column":31}},"10":{"start":{"line":11,"column":0},"end":{"line":11,"column":15}},"11":{"start":{"line":12,"column":0},"end":{"line":12,"column":49}},"12":{"start":{"line":13,"column":0},"end":{"line":13,"column":3}},"13":{"start":{"line":14,"column":0},"end":{"line":14,"column":9}},"14":{"start":{"line":15,"column":0},"end":{"line":15,"column":18}},"15":{"start":{"line":16,"column":0},"end":{"line":16,"column":28}},"16":{"start":{"line":17,"column":0},"end":{"line":17,"column":58}},"17":{"start":{"line":18,"column":0},"end":{"line":18,"column":6}},"18":{"start":{"line":19,"column":0},"end":{"line":19,"column":3}},"19":{"start":{"line":20,"column":0},"end":{"line":20,"column":1}},"20":{"start":{"line":21,"column":0},"end":{"line":21,"column":0}},"21":{"start":{"line":22,"column":0},"end":{"line":22,"column":45}},"22":{"start":{"line":23,"column":0},"end":{"line":23,"column":16}},"23":{"start":{"line":24,"column":0},"end":{"line":24,"column":40}},"24":{"start":{"line":25,"column":0},"end":{"line":25,"column":42}},"25":{"start":{"line":26,"column":0},"end":{"line":26,"column":36}},"26":{"start":{"line":27,"column":0},"end":{"line":27,"column":28}},"27":{"start":{"line":28,"column":0},"end":{"line":28,"column":14}},"28":{"start":{"line":29,"column":0},"end":{"line":29,"column":5}},"29":{"start":{"line":30,"column":0},"end":{"line":30,"column":3}},"30":{"start":{"line":31,"column":0},"end":{"line":31,"column":1}},"31":{"start":{"line":32,"column":0},"end":{"line":32,"column":0}},"32":{"start":{"line":33,"column":0},"end":{"line":33,"column":13}},"33":{"start":{"line":34,"column":0},"end":{"line":34,"column":7}},"34":{"start":{"line":35,"column":0},"end":{"line":35,"column":20}},"35":{"start":{"line":36,"column":0},"end":{"line":36,"column":20}},"36":{"start":{"line":37,"column":0},"end":{"line":37,"column":17}},"37":{"start":{"line":38,"column":0},"end":{"line":38,"column":21}},"38":{"start":{"line":39,"column":0},"end":{"line":39,"column":25}},"39":{"start":{"line":40,"column":0},"end":{"line":40,"column":21}},"40":{"start":{"line":41,"column":0},"end":{"line":41,"column":21}},"41":{"start":{"line":42,"column":0},"end":{"line":42,"column":3}},"42":{"start":{"line":43,"column":0},"end":{"line":43,"column":28}},"43":{"start":{"line":44,"column":0},"end":{"line":44,"column":28}},"44":{"start":{"line":45,"column":0},"end":{"line":45,"column":0}},"45":{"start":{"line":46,"column":0},"end":{"line":46,"column":20}},"46":{"start":{"line":47,"column":0},"end":{"line":47,"column":26}},"47":{"start":{"line":48,"column":0},"end":{"line":48,"column":3}},"48":{"start":{"line":49,"column":0},"end":{"line":49,"column":20}},"49":{"start":{"line":50,"column":0},"end":{"line":50,"column":26}},"50":{"start":{"line":51,"column":0},"end":{"line":51,"column":3}},"51":{"start":{"line":52,"column":0},"end":{"line":52,"column":14}},"52":{"start":{"line":53,"column":0},"end":{"line":53,"column":24}},"53":{"start":{"line":54,"column":0},"end":{"line":54,"column":3}},"54":{"start":{"line":55,"column":0},"end":{"line":55,"column":12}},"55":{"start":{"line":56,"column":0},"end":{"line":56,"column":26}},"56":{"start":{"line":57,"column":0},"end":{"line":57,"column":28}},"57":{"start":{"line":58,"column":0},"end":{"line":58,"column":27}},"58":{"start":{"line":59,"column":0},"end":{"line":59,"column":28}},"59":{"start":{"line":60,"column":0},"end":{"line":60,"column":7}},"60":{"start":{"line":61,"column":0},"end":{"line":61,"column":5}},"61":{"start":{"line":62,"column":0},"end":{"line":62,"column":3}},"62":{"start":{"line":63,"column":0},"end":{"line":63,"column":19}},"63":{"start":{"line":64,"column":0},"end":{"line":64,"column":26}},"64":{"start":{"line":65,"column":0},"end":{"line":65,"column":26}},"65":{"start":{"line":66,"column":0},"end":{"line":66,"column":28}},"66":{"start":{"line":67,"column":0},"end":{"line":67,"column":5}},"67":{"start":{"line":68,"column":0},"end":{"line":68,"column":3}},"68":{"start":{"line":69,"column":0},"end":{"line":69,"column":1}},"69":{"start":{"line":70,"column":0},"end":{"line":70,"column":0}},"70":{"start":{"line":71,"column":0},"end":{"line":71,"column":21}}},"s":{"0":1,"1":1,"2":2,"3":2,"4":2,"5":2,"6":2,"7":2,"8":2,"9":2,"10":2,"11":1,"12":1,"13":2,"14":2,"15":11,"16":11,"17":11,"18":11,"19":2,"20":1,"21":2,"22":2,"23":2,"24":20,"25":200,"26":200,"27":200,"28":200,"29":20,"30":2,"31":1,"32":200,"33":200,"34":200,"35":200,"36":200,"37":200,"38":200,"39":200,"40":200,"41":200,"42":200,"43":200,"44":200,"45":200,"46":1,"47":1,"48":200,"49":4,"50":4,"51":200,"52":1,"53":1,"54":200,"55":2,"56":2,"57":2,"58":1,"59":1,"60":2,"61":2,"62":200,"63":3,"64":3,"65":3,"66":3,"67":3,"68":200,"69":1,"70":1},"branchMap":{"0":{"type":"branch","line":3,"loc":{"start":{"line":3,"column":0},"end":{"line":20,"column":1}},"locations":[{"start":{"line":3,"column":0},"end":{"line":20,"column":1}}]},"1":{"type":"branch","line":4,"loc":{"start":{"line":4,"column":2},"end":{"line":8,"column":3}},"locations":[{"start":{"line":4,"column":2},"end":{"line":8,"column":3}}]},"2":{"type":"branch","line":10,"loc":{"start":{"line":10,"column":13},"end":{"line":10,"column":30}},"locations":[{"start":{"line":10,"column":13},"end":{"line":10,"column":30}}]},"3":{"type":"branch","line":11,"loc":{"start":{"line":11,"column":2},"end":{"line":13,"column":3}},"locations":[{"start":{"line":11,"column":2},"end":{"line":13,"column":3}}]},"4":{"type":"branch","line":12,"loc":{"start":{"line":12,"column":30},"end":{"line":12,"column":40}},"locations":[{"start":{"line":12,"column":30},"end":{"line":12,"column":40}}]},"5":{"type":"branch","line":15,"loc":{"start":{"line":15,"column":2},"end":{"line":19,"column":3}},"locations":[{"start":{"line":15,"column":2},"end":{"line":19,"column":3}}]},"6":{"type":"branch","line":17,"loc":{"start":{"line":17,"column":7},"end":{"line":17,"column":58}},"locations":[{"start":{"line":17,"column":7},"end":{"line":17,"column":58}}]},"7":{"type":"branch","line":17,"loc":{"start":{"line":17,"column":35},"end":{"line":17,"column":58}},"locations":[{"start":{"line":17,"column":35},"end":{"line":17,"column":58}}]},"8":{"type":"branch","line":22,"loc":{"start":{"line":22,"column":0},"end":{"line":31,"column":1}},"locations":[{"start":{"line":22,"column":0},"end":{"line":31,"column":1}}]},"9":{"type":"branch","line":24,"loc":{"start":{"line":24,"column":39},"end":{"line":30,"column":3}},"locations":[{"start":{"line":24,"column":39},"end":{"line":30,"column":3}}]},"10":{"type":"branch","line":25,"loc":{"start":{"line":25,"column":41},"end":{"line":29,"column":5}},"locations":[{"start":{"line":25,"column":41},"end":{"line":29,"column":5}}]},"11":{"type":"branch","line":33,"loc":{"start":{"line":33,"column":0},"end":{"line":69,"column":1}},"locations":[{"start":{"line":33,"column":0},"end":{"line":69,"column":1}}]},"12":{"type":"branch","line":38,"loc":{"start":{"line":38,"column":2},"end":{"line":42,"column":3}},"locations":[{"start":{"line":38,"column":2},"end":{"line":42,"column":3}}]},"13":{"type":"branch","line":43,"loc":{"start":{"line":43,"column":9},"end":{"line":43,"column":27}},"locations":[{"start":{"line":43,"column":9},"end":{"line":43,"column":27}}]},"14":{"type":"branch","line":44,"loc":{"start":{"line":44,"column":9},"end":{"line":44,"column":27}},"locations":[{"start":{"line":44,"column":9},"end":{"line":44,"column":27}}]},"15":{"type":"branch","line":46,"loc":{"start":{"line":46,"column":2},"end":{"line":48,"column":3}},"locations":[{"start":{"line":46,"column":2},"end":{"line":48,"column":3}}]},"16":{"type":"branch","line":49,"loc":{"start":{"line":49,"column":2},"end":{"line":51,"column":3}},"locations":[{"start":{"line":49,"column":2},"end":{"line":51,"column":3}}]},"17":{"type":"branch","line":52,"loc":{"start":{"line":52,"column":2},"end":{"line":54,"column":3}},"locations":[{"start":{"line":52,"column":2},"end":{"line":54,"column":3}}]},"18":{"type":"branch","line":55,"loc":{"start":{"line":55,"column":2},"end":{"line":62,"column":3}},"locations":[{"start":{"line":55,"column":2},"end":{"line":62,"column":3}}]},"19":{"type":"branch","line":58,"loc":{"start":{"line":58,"column":26},"end":{"line":60,"column":7}},"locations":[{"start":{"line":58,"column":26},"end":{"line":60,"column":7}}]},"20":{"type":"branch","line":63,"loc":{"start":{"line":63,"column":2},"end":{"line":68,"column":3}},"locations":[{"start":{"line":63,"column":2},"end":{"line":68,"column":3}}]}},"b":{"0":[2],"1":[2],"2":[2],"3":[1],"4":[100],"5":[11],"6":[629],"7":[69],"8":[2],"9":[20],"10":[200],"11":[200],"12":[200],"13":[630],"14":[70],"15":[1],"16":[4],"17":[1],"18":[2],"19":[1],"20":[3]},"fnMap":{"0":{"name":"<instance_members_initializer>","decl":{"start":{"line":3,"column":0},"end":{"line":20,"column":1}},"loc":{"start":{"line":3,"column":0},"end":{"line":20,"column":1}},"line":3},"1":{"name":"GameBoard","decl":{"start":{"line":4,"column":2},"end":{"line":8,"column":3}},"loc":{"start":{"line":4,"column":2},"end":{"line":8,"column":3}},"line":4},"2":{"name":"getArray","decl":{"start":{"line":10,"column":13},"end":{"line":10,"column":30}},"loc":{"start":{"line":10,"column":13},"end":{"line":10,"column":30}},"line":10},"3":{"name":"getLength","decl":{"start":{"line":11,"column":2},"end":{"line":13,"column":3}},"loc":{"start":{"line":11,"column":2},"end":{"line":13,"column":3}},"line":11},"4":{"name":"getBlock","decl":{"start":{"line":15,"column":2},"end":{"line":19,"column":3}},"loc":{"start":{"line":15,"column":2},"end":{"line":19,"column":3}},"line":15},"5":{"name":"initializeGrid","decl":{"start":{"line":22,"column":0},"end":{"line":31,"column":1}},"loc":{"start":{"line":22,"column":0},"end":{"line":31,"column":1}},"line":22},"6":{"name":"<instance_members_initializer>","decl":{"start":{"line":33,"column":0},"end":{"line":69,"column":1}},"loc":{"start":{"line":33,"column":0},"end":{"line":69,"column":1}},"line":33},"7":{"name":"Block","decl":{"start":{"line":38,"column":2},"end":{"line":42,"column":3}},"loc":{"start":{"line":38,"column":2},"end":{"line":42,"column":3}},"line":38},"8":{"name":"getX","decl":{"start":{"line":43,"column":9},"end":{"line":43,"column":27}},"loc":{"start":{"line":43,"column":9},"end":{"line":43,"column":27}},"line":43},"9":{"name":"getY","decl":{"start":{"line":44,"column":9},"end":{"line":44,"column":27}},"loc":{"start":{"line":44,"column":9},"end":{"line":44,"column":27}},"line":44},"10":{"name":"get isAttacked","decl":{"start":{"line":46,"column":2},"end":{"line":48,"column":3}},"loc":{"start":{"line":46,"column":2},"end":{"line":48,"column":3}},"line":46},"11":{"name":"get isHaveShip","decl":{"start":{"line":49,"column":2},"end":{"line":51,"column":3}},"loc":{"start":{"line":49,"column":2},"end":{"line":51,"column":3}},"line":49},"12":{"name":"get ship","decl":{"start":{"line":52,"column":2},"end":{"line":54,"column":3}},"loc":{"start":{"line":52,"column":2},"end":{"line":54,"column":3}},"line":52},"13":{"name":"attack","decl":{"start":{"line":55,"column":2},"end":{"line":62,"column":3}},"loc":{"start":{"line":55,"column":2},"end":{"line":62,"column":3}},"line":55},"14":{"name":"placeShip","decl":{"start":{"line":63,"column":2},"end":{"line":68,"column":3}},"loc":{"start":{"line":63,"column":2},"end":{"line":68,"column":3}},"line":63}},"f":{"0":2,"1":2,"2":2,"3":1,"4":11,"5":2,"6":200,"7":200,"8":630,"9":70,"10":1,"11":4,"12":1,"13":2,"14":3}}
,"/repos/battleship/src/ships.js": {"path":"/repos/battleship/src/ships.js","all":false,"statementMap":{"0":{"start":{"line":1,"column":0},"end":{"line":1,"column":13}},"1":{"start":{"line":2,"column":0},"end":{"line":2,"column":21}},"2":{"start":{"line":3,"column":0},"end":{"line":3,"column":9}},"3":{"start":{"line":4,"column":0},"end":{"line":4,"column":10}},"4":{"start":{"line":5,"column":0},"end":{"line":5,"column":39}},"5":{"start":{"line":6,"column":0},"end":{"line":6,"column":26}},"6":{"start":{"line":7,"column":0},"end":{"line":7,"column":38}},"7":{"start":{"line":8,"column":0},"end":{"line":8,"column":23}},"8":{"start":{"line":9,"column":0},"end":{"line":9,"column":0}},"9":{"start":{"line":10,"column":0},"end":{"line":10,"column":27}},"10":{"start":{"line":11,"column":0},"end":{"line":11,"column":48}},"11":{"start":{"line":12,"column":0},"end":{"line":12,"column":12}},"12":{"start":{"line":13,"column":0},"end":{"line":13,"column":48}},"13":{"start":{"line":14,"column":0},"end":{"line":14,"column":5}},"14":{"start":{"line":15,"column":0},"end":{"line":15,"column":0}},"15":{"start":{"line":16,"column":0},"end":{"line":16,"column":44}},"16":{"start":{"line":17,"column":0},"end":{"line":17,"column":50}},"17":{"start":{"line":18,"column":0},"end":{"line":18,"column":31}},"18":{"start":{"line":19,"column":0},"end":{"line":19,"column":0}},"19":{"start":{"line":20,"column":0},"end":{"line":20,"column":29}},"20":{"start":{"line":21,"column":0},"end":{"line":21,"column":20}},"21":{"start":{"line":22,"column":0},"end":{"line":22,"column":14}},"22":{"start":{"line":23,"column":0},"end":{"line":23,"column":20}},"23":{"start":{"line":24,"column":0},"end":{"line":24,"column":7}},"24":{"start":{"line":25,"column":0},"end":{"line":25,"column":5}},"25":{"start":{"line":26,"column":0},"end":{"line":26,"column":3}},"26":{"start":{"line":27,"column":0},"end":{"line":27,"column":1}},"27":{"start":{"line":28,"column":0},"end":{"line":28,"column":0}},"28":{"start":{"line":29,"column":0},"end":{"line":29,"column":12}},"29":{"start":{"line":30,"column":0},"end":{"line":30,"column":16}},"30":{"start":{"line":31,"column":0},"end":{"line":31,"column":31}},"31":{"start":{"line":32,"column":0},"end":{"line":32,"column":55}},"32":{"start":{"line":33,"column":0},"end":{"line":33,"column":3}},"33":{"start":{"line":34,"column":0},"end":{"line":34,"column":35}},"34":{"start":{"line":35,"column":0},"end":{"line":35,"column":16}},"35":{"start":{"line":36,"column":0},"end":{"line":36,"column":22}},"36":{"start":{"line":37,"column":0},"end":{"line":37,"column":3}},"37":{"start":{"line":38,"column":0},"end":{"line":38,"column":1}},"38":{"start":{"line":39,"column":0},"end":{"line":39,"column":0}},"39":{"start":{"line":40,"column":0},"end":{"line":40,"column":17}}},"s":{"0":1,"1":1,"2":1,"3":1,"4":1,"5":1,"6":1,"7":1,"8":1,"9":1,"10":1,"11":1,"12":0,"13":0,"14":1,"15":1,"16":3,"17":3,"18":3,"19":3,"20":3,"21":3,"22":0,"23":0,"24":3,"25":1,"26":1,"27":1,"28":3,"29":3,"30":3,"31":3,"32":3,"33":3,"34":3,"35":1,"36":1,"37":3,"38":1,"39":1},"branchMap":{"0":{"type":"branch","line":1,"loc":{"start":{"line":1,"column":0},"end":{"line":27,"column":1}},"locations":[{"start":{"line":1,"column":0},"end":{"line":27,"column":1}}]},"1":{"type":"branch","line":5,"loc":{"start":{"line":5,"column":2},"end":{"line":26,"column":3}},"locations":[{"start":{"line":5,"column":2},"end":{"line":26,"column":3}}]},"2":{"type":"branch","line":12,"loc":{"start":{"line":12,"column":5},"end":{"line":14,"column":5}},"locations":[{"start":{"line":12,"column":5},"end":{"line":14,"column":5}}]},"3":{"type":"branch","line":16,"loc":{"start":{"line":16,"column":43},"end":{"line":25,"column":5}},"locations":[{"start":{"line":16,"column":43},"end":{"line":25,"column":5}}]},"4":{"type":"branch","line":22,"loc":{"start":{"line":22,"column":7},"end":{"line":24,"column":7}},"locations":[{"start":{"line":22,"column":7},"end":{"line":24,"column":7}}]},"5":{"type":"branch","line":29,"loc":{"start":{"line":29,"column":0},"end":{"line":38,"column":1}},"locations":[{"start":{"line":29,"column":0},"end":{"line":38,"column":1}}]},"6":{"type":"branch","line":31,"loc":{"start":{"line":31,"column":2},"end":{"line":33,"column":3}},"locations":[{"start":{"line":31,"column":2},"end":{"line":33,"column":3}}]},"7":{"type":"branch","line":34,"loc":{"start":{"line":34,"column":9},"end":{"line":34,"column":34}},"locations":[{"start":{"line":34,"column":9},"end":{"line":34,"column":34}}]},"8":{"type":"branch","line":35,"loc":{"start":{"line":35,"column":2},"end":{"line":37,"column":3}},"locations":[{"start":{"line":35,"column":2},"end":{"line":37,"column":3}}]}},"b":{"0":[1],"1":[1],"2":[0],"3":[3],"4":[0],"5":[3],"6":[3],"7":[1],"8":[1]},"fnMap":{"0":{"name":"<instance_members_initializer>","decl":{"start":{"line":1,"column":0},"end":{"line":27,"column":1}},"loc":{"start":{"line":1,"column":0},"end":{"line":27,"column":1}},"line":1},"1":{"name":"Fleet","decl":{"start":{"line":5,"column":2},"end":{"line":26,"column":3}},"loc":{"start":{"line":5,"column":2},"end":{"line":26,"column":3}},"line":5},"2":{"name":"<instance_members_initializer>","decl":{"start":{"line":29,"column":0},"end":{"line":38,"column":1}},"loc":{"start":{"line":29,"column":0},"end":{"line":38,"column":1}},"line":29},"3":{"name":"Ship","decl":{"start":{"line":31,"column":2},"end":{"line":33,"column":3}},"loc":{"start":{"line":31,"column":2},"end":{"line":33,"column":3}},"line":31},"4":{"name":"sink","decl":{"start":{"line":34,"column":9},"end":{"line":34,"column":34}},"loc":{"start":{"line":34,"column":9},"end":{"line":34,"column":34}},"line":34},"5":{"name":"get isSank","decl":{"start":{"line":35,"column":2},"end":{"line":37,"column":3}},"loc":{"start":{"line":35,"column":2},"end":{"line":37,"column":3}},"line":35}},"f":{"0":1,"1":1,"2":3,"3":3,"4":1,"5":1}}
}
