TN:
SF:src/gameBoard.js
FN:3,<instance_members_initializer>
FN:4,GameBoard
FN:10,getArray
FN:11,getLength
FN:15,getBlock
FN:22,initializeGrid
FN:33,<instance_members_initializer>
FN:38,Block
FN:43,getX
FN:44,getY
FN:46,get isAttacked
FN:49,get isHaveShip
FN:52,get ship
FN:55,attack
FN:63,placeShip
FNF:15
FNH:15
FNDA:2,<instance_members_initializer>
FNDA:2,GameBoard
FNDA:2,getArray
FNDA:1,getLength
FNDA:11,getBlock
FNDA:2,initializeGrid
FNDA:200,<instance_members_initializer>
FNDA:200,Block
FNDA:630,getX
FNDA:70,getY
FNDA:1,get isAttacked
FNDA:4,get isHaveShip
FNDA:1,get ship
FNDA:2,attack
FNDA:3,placeShip
DA:1,1
DA:2,1
DA:3,2
DA:4,2
DA:5,2
DA:6,2
DA:7,2
DA:8,2
DA:9,2
DA:10,2
DA:11,2
DA:12,1
DA:13,1
DA:14,2
DA:15,2
DA:16,11
DA:17,11
DA:18,11
DA:19,11
DA:20,2
DA:21,1
DA:22,2
DA:23,2
DA:24,2
DA:25,20
DA:26,200
DA:27,200
DA:28,200
DA:29,200
DA:30,20
DA:31,2
DA:32,1
DA:33,200
DA:34,200
DA:35,200
DA:36,200
DA:37,200
DA:38,200
DA:39,200
DA:40,200
DA:41,200
DA:42,200
DA:43,200
DA:44,200
DA:45,200
DA:46,200
DA:47,1
DA:48,1
DA:49,200
DA:50,4
DA:51,4
DA:52,200
DA:53,1
DA:54,1
DA:55,200
DA:56,2
DA:57,2
DA:58,2
DA:59,1
DA:60,1
DA:61,2
DA:62,2
DA:63,200
DA:64,3
DA:65,3
DA:66,3
DA:67,3
DA:68,3
DA:69,200
DA:70,1
DA:71,1
LF:71
LH:71
BRDA:3,0,0,2
BRDA:4,1,0,2
BRDA:10,2,0,2
BRDA:11,3,0,1
BRDA:12,4,0,100
BRDA:15,5,0,11
BRDA:17,6,0,629
BRDA:17,7,0,69
BRDA:22,8,0,2
BRDA:24,9,0,20
BRDA:25,10,0,200
BRDA:33,11,0,200
BRDA:38,12,0,200
BRDA:43,13,0,630
BRDA:44,14,0,70
BRDA:46,15,0,1
BRDA:49,16,0,4
BRDA:52,17,0,1
BRDA:55,18,0,2
BRDA:58,19,0,1
BRDA:63,20,0,3
BRF:21
BRH:21
end_of_record
TN:
SF:src/ships.js
FN:1,<instance_members_initializer>
FN:5,Fleet
FN:29,<instance_members_initializer>
FN:31,Ship
FN:34,sink
FN:35,get isSank
FNF:6
FNH:6
FNDA:1,<instance_members_initializer>
FNDA:1,Fleet
FNDA:3,<instance_members_initializer>
FNDA:3,Ship
FNDA:1,sink
FNDA:1,get isSank
DA:1,1
DA:2,1
DA:3,1
DA:4,1
DA:5,1
DA:6,1
DA:7,1
DA:8,1
DA:9,1
DA:10,1
DA:11,1
DA:12,1
DA:13,0
DA:14,0
DA:15,1
DA:16,1
DA:17,3
DA:18,3
DA:19,3
DA:20,3
DA:21,3
DA:22,3
DA:23,0
DA:24,0
DA:25,3
DA:26,1
DA:27,1
DA:28,1
DA:29,3
DA:30,3
DA:31,3
DA:32,3
DA:33,3
DA:34,3
DA:35,3
DA:36,1
DA:37,1
DA:38,3
DA:39,1
DA:40,1
LF:40
LH:36
BRDA:1,0,0,1
BRDA:5,1,0,1
BRDA:12,2,0,0
BRDA:16,3,0,3
BRDA:22,4,0,0
BRDA:29,5,0,3
BRDA:31,6,0,3
BRDA:34,7,0,1
BRDA:35,8,0,1
BRF:9
BRH:7
end_of_record
